<?xml version="1.0" encoding="UTF-8"?>
<!-- Generated by org.testng.reporters.JUnitXMLReporter -->
<testsuite hostname="DESKTOP-0SGOE2J" failures="0" tests="1" name="Test" time="51.679" errors="0" timestamp="23 Dec 2019 10:23:12 GMT">
  <testcase classname="test.NewTest" name="@BeforeClass beforeClass" time="0.0">
    <failure type="org.openqa.selenium.WebDriverException" message="Failed to connect to binary FirefoxBinary(C:\Program Files\Mozilla Firefox\firefox.exe) on port 7055; process output follows: 
ription&amp;quot;:&amp;quot;Wikipedia, an holloueziadur digor&amp;quot;,&amp;quot;creator&amp;quot;:null,&amp;quot;developers&amp;quot;:null,&amp;quot;translators&amp;quot;:null,&amp;quot;contributors&amp;quot;:null,&amp;quot;locales&amp;quot;:[&amp;quot;br&amp;quot;]},{&amp;quot;name&amp;quot;:&amp;quot;Wikipedia (pl)&amp;quot;,&amp;quot;description&amp;quot;:&amp;quot;Wikipedia, wolna encyklopedia&amp;quot;,&amp;quot;creator&amp;quot;:null,&amp;quot;developers&amp;quot;:null,&amp;quot;translators&amp;quot;:null,&amp;quot;contributors&amp;quot;:null,&amp;quot;locales&amp;quot;:[&amp;quot;pl&amp;quot;]},{&amp;quot;name&amp;quot;:&amp;quot;Ð’Ñ–ÐºÑ–Ð¿Ñ�Ð´Ñ‹Ñ� (be-tarask)&amp;quot;,&amp;quot;description&amp;quot;:&amp;quot;Ð’Ñ–ÐºÑ–Ð¿Ñ�Ð´Ñ‹Ñ�, Ð²Ð¾Ð»ÑŒÐ½Ð°Ñ� Ñ�Ð½Ñ†Ñ‹ÐºÐ»Ñ�Ð¿Ñ�Ð´Ñ‹Ñ�&amp;quot;,&amp;quot;creator&amp;quot;:null,&amp;quot;developers&amp;quot;:null,&amp;quot;translators&amp;quot;:null,&amp;quot;contributors&amp;quot;:null,&amp;quot;locales&amp;quot;:[&amp;quot;be-tarask&amp;quot;]},{&amp;quot;name&amp;quot;:&amp;quot;Wikipedia (sv)&amp;quot;,&amp;quot;description&amp;quot;:&amp;quot;Wikipedia, den fria encyklopedin&amp;quot;,&amp;quot;creator&amp;quot;:null,&amp;quot;developers&amp;quot;:null,&amp;quot;translators&amp;quot;:null,&amp;quot;contributors&amp;quot;:null,&amp;quot;locales&amp;quot;:[&amp;quot;sv-SE&amp;quot;]},{&amp;quot;name&amp;quot;:&amp;quot;àº§àº´àº�àº´àºžàºµà»€àº”àº� (lo)&amp;quot;,&amp;quot;description&amp;quot;:&amp;quot;àº§àº´àº�àº´àºžàºµà»€àº”àº�, àºªàº²àº¥àº²àº™àº¸àº�àº»àº¡à»€àºªàº¥àºµ&amp;quot;,&amp;quot;creator&amp;quot;:null,&amp;quot;developers&amp;quot;:null,&amp;quot;translators&amp;quot;:null,&amp;quot;contributors&amp;quot;:null,&amp;quot;locales&amp;quot;:[&amp;quot;lo&amp;quot;]},{&amp;quot;name&amp;quot;:&amp;quot;Wikipedija (sl)&amp;quot;,&amp;quot;description&amp;quot;:&amp;quot;Wikipedija, prosta enciklopedija&amp;quot;,&amp;quot;creator&amp;quot;:null,&amp;quot;developers&amp;quot;:null,&amp;quot;translators&amp;quot;:null,&amp;quot;contributors&amp;quot;:null,&amp;quot;locales&amp;quot;:[&amp;quot;sl&amp;quot;]},{&amp;quot;name&amp;quot;:&amp;quot;VikipÄ“dija&amp;quot;,&amp;quot;description&amp;quot;:&amp;quot;VikipÄ“dija, brÄ«vÄ� enciklopÄ“dija&amp;quot;,&amp;quot;creator&amp;quot;:null,&amp;quot;developers&amp;quot;:null,&amp;quot;translators&amp;quot;:null,&amp;quot;contributors&amp;quot;:null,&amp;quot;locales&amp;quot;:[&amp;quot;lv&amp;quot;]},{&amp;quot;name&amp;quot;:&amp;quot;Biquipedia (an)&amp;quot;,&amp;quot;description&amp;quot;:&amp;quot;A enciclopedia Libre&amp;quot;,&amp;quot;creator&amp;quot;:null,&amp;quot;developers&amp;quot;:null,&amp;quot;translators&amp;quot;:null,&amp;quot;contributors&amp;quot;:null,&amp;quot;locales&amp;quot;:[&amp;quot;an&amp;quot;]},{&amp;quot;name&amp;quot;:&amp;quot;Uicipeid (gd)&amp;quot;,&amp;quot;description&amp;quot;:&amp;quot;Wikipedia, An leabhar mÃ²r-eÃ²lais&amp;quot;,&amp;quot;creator&amp;quot;:null,&amp;quot;developers&amp;quot;:null,&amp;quot;translators&amp;quot;:null,&amp;quot;contributors&amp;quot;:null,&amp;quot;locales&amp;quot;:[&amp;quot;gd&amp;quot;]},{&amp;quot;name&amp;quot;:&amp;quot;VikipetÃ£ (gn)&amp;quot;,&amp;quot;description&amp;quot;:&amp;quot;VikipetÃ£, opaite tembikuaa hekosÃ£sÃ³va renda&amp;quot;,&amp;quot;creator&amp;quot;:null,&amp;quot;developers&amp;quot;:null,&amp;quot;translators&amp;quot;:null,&amp;quot;contributors&amp;quot;:null,&amp;quot;locales&amp;quot;:[&amp;quot;gn&amp;quot;]},{&amp;quot;name&amp;quot;:&amp;quot;Wikipedija (hr)&amp;quot;,&amp;quot;description&amp;quot;:&amp;quot;Wikipedija, slobodna enciklopedija&amp;quot;,&amp;quot;creator&amp;quot;:null,&amp;quot;developers&amp;quot;:null,&amp;quot;translators&amp;quot;:null,&amp;quot;contributors&amp;quot;:null,&amp;quot;locales&amp;quot;:[&amp;quot;hr&amp;quot;]},{&amp;quot;name&amp;quot;:&amp;quot;Wikipedia (gl)&amp;quot;,&amp;quot;description&amp;quot;:&amp;quot;Wikipedia, a enciclopedia libre&amp;quot;,&amp;quot;creator&amp;quot;:null,&amp;quot;developers&amp;quot;:null,&amp;quot;translators&amp;quot;:null,&amp;quot;contributors&amp;quot;:null,&amp;quot;locales&amp;quot;:[&amp;quot;gl&amp;quot;]},{&amp;quot;name&amp;quot;:&amp;quot;à¤µà¤¿à¤•à¤¿à¤ªà¥€à¤¡à¤¿à¤¯à¤¾ (hi)&amp;quot;,&amp;quot;description&amp;quot;:&amp;quot;à¤µà¤¿à¤•à¤¿à¤ªà¥€à¤¡à¤¿à¤¯à¤¾ (à¤¹à¤¿à¤¨à¥�à¤¦à¥€)&amp;quot;,&amp;quot;creator&amp;quot;:null,&amp;quot;developers&amp;quot;:null,&amp;quot;translators&amp;quot;:null,&amp;quot;contributors&amp;quot;:null,&amp;quot;locales&amp;quot;:[&amp;quot;hi&amp;quot;]},{&amp;quot;name&amp;quot;:&amp;quot;×•×™×§×™×¤×“×™×”&amp;quot;,&amp;quot;description&amp;quot;:&amp;quot;×•×™×§×™×¤×“×™×”&amp;quot;,&amp;quot;creator&amp;quot;:null,&amp;quot;developers&amp;quot;:null,&amp;quot;translators&amp;quot;:null,&amp;quot;contributors&amp;quot;:null,&amp;quot;locales&amp;quot;:[&amp;quot;he&amp;quot;]},{&amp;quot;name&amp;quot;:&amp;quot;àªµàª¿àª•àª¿àªªà«€àª¡àª¿àª¯àª¾ (gu)&amp;quot;,&amp;quot;description&amp;quot;:&amp;quot;àªµà«€àª•à«€àªªà«€àª¡àª¿àª¯àª¾, àª®à«�àª•à«�àª¤ àª�àª¨àª¸àª¾àª¯àª•à«�àª²à«‹àªªà«€àª¡àª¿àª¯àª¾&amp;quot;,&amp;quot;creator&amp;quot;:null,&amp;quot;developers&amp;quot;:null,&amp;quot;translators&amp;quot;:null,&amp;quot;contributors&amp;quot;:null,&amp;quot;locales&amp;quot;:[&amp;quot;gu&amp;quot;]}],&amp;quot;targetApplications&amp;quot;:[{&amp;quot;id&amp;quot;:&amp;quot;toolkit@mozilla.org&amp;quot;,&amp;quot;minVersion&amp;quot;:null,&amp;quot;maxVersion&amp;quot;:null}],&amp;quot;targetPlatforms&amp;quot;:[],&amp;quot;seen&amp;quot;:true,&amp;quot;dependencies&amp;quot;:[],&amp;quot;incognito&amp;quot;:&amp;quot;spanning&amp;quot;,&amp;quot;userPermissions&amp;quot;:{&amp;quot;permissions&amp;quot;:[],&amp;quot;origins&amp;quot;:[]},&amp;quot;icons&amp;quot;:{&amp;quot;16&amp;quot;:&amp;quot;favicon.ico&amp;quot;},&amp;quot;iconURL&amp;quot;:null,&amp;quot;blocklistState&amp;quot;:0,&amp;quot;blocklistURL&amp;quot;:null,&amp;quot;startupData&amp;quot;:null,&amp;quot;hidden&amp;quot;:true,&amp;quot;installTelemetryInfo&amp;quot;:null,&amp;quot;recommendationState&amp;quot;:null,&amp;quot;rootURI&amp;quot;:&amp;quot;resource://search-extensions/wikipedia/&amp;quot;,&amp;quot;location&amp;quot;:&amp;quot;app-builtin&amp;quot;}
1577096553865	addons.xpi	DEBUG	Loading bootstrap scope from resource://search-extensions/wikipedia/
1577096553865	addons.xpi	DEBUG	Calling bootstrap method install on wikipedia@search.mozilla.org version 1.0
1577096553865	addons.xpi	DEBUG	Calling bootstrap method startup on wikipedia@search.mozilla.org version 1.0
1577096567620	addons.productaddons	INFO	sending request to: https://aus5.mozilla.org/update/3/GMP/71.0/20191202093317/WINNT_x86_64-msvc-x64/en-US/release/Windows_NT%2010.0.0.0.18363.535%20(x64)/default/default/update.xml
1577096567661	addons.productaddons	INFO	Completed downloading document
1577096569522	addons.productaddons	INFO	downloadXHR File download. status=200
1577096569525	addons.productaddons	INFO	Downloaded file will be saved to C:\Windows\TEMP\tmpaddon-bc605c
1577096570164	addons.productaddons	INFO	downloadXHR File download. status=200
1577096570165	addons.productaddons	INFO	Downloaded file will be saved to C:\Windows\TEMP\tmpaddon-6b9d31

Build info: version: &amp;apos;2.53.1&amp;apos;, revision: &amp;apos;a36b8b1cd5757287168e54b817830adce9b0158d&amp;apos;, time: &amp;apos;2016-06-30 19:26:09&amp;apos;
System info: host: &amp;apos;DESKTOP-0SGOE2J&amp;apos;, ip: &amp;apos;192.168.6.192&amp;apos;, os.name: &amp;apos;Windows 10&amp;apos;, os.arch: &amp;apos;amd64&amp;apos;, os.version: &amp;apos;10.0&amp;apos;, java.version: &amp;apos;14-ea&amp;apos;
Driver info: driver.version: FirefoxDriver">
      <![CDATA[org.openqa.selenium.WebDriverException: Failed to connect to binary FirefoxBinary(C:\Program Files\Mozilla Firefox\firefox.exe) on port 7055; process output follows: 
ription":"Wikipedia, an holloueziadur digor","creator":null,"developers":null,"translators":null,"contributors":null,"locales":["br"]},{"name":"Wikipedia (pl)","description":"Wikipedia, wolna encyklopedia","creator":null,"developers":null,"translators":null,"contributors":null,"locales":["pl"]},{"name":"Ð’Ñ–ÐºÑ–Ð¿Ñ�Ð´Ñ‹Ñ� (be-tarask)","description":"Ð’Ñ–ÐºÑ–Ð¿Ñ�Ð´Ñ‹Ñ�, Ð²Ð¾Ð»ÑŒÐ½Ð°Ñ� Ñ�Ð½Ñ†Ñ‹ÐºÐ»Ñ�Ð¿Ñ�Ð´Ñ‹Ñ�","creator":null,"developers":null,"translators":null,"contributors":null,"locales":["be-tarask"]},{"name":"Wikipedia (sv)","description":"Wikipedia, den fria encyklopedin","creator":null,"developers":null,"translators":null,"contributors":null,"locales":["sv-SE"]},{"name":"àº§àº´àº�àº´àºžàºµà»€àº”àº� (lo)","description":"àº§àº´àº�àº´àºžàºµà»€àº”àº�, àºªàº²àº¥àº²àº™àº¸àº�àº»àº¡à»€àºªàº¥àºµ","creator":null,"developers":null,"translators":null,"contributors":null,"locales":["lo"]},{"name":"Wikipedija (sl)","description":"Wikipedija, prosta enciklopedija","creator":null,"developers":null,"translators":null,"contributors":null,"locales":["sl"]},{"name":"VikipÄ“dija","description":"VikipÄ“dija, brÄ«vÄ� enciklopÄ“dija","creator":null,"developers":null,"translators":null,"contributors":null,"locales":["lv"]},{"name":"Biquipedia (an)","description":"A enciclopedia Libre","creator":null,"developers":null,"translators":null,"contributors":null,"locales":["an"]},{"name":"Uicipeid (gd)","description":"Wikipedia, An leabhar mÃ²r-eÃ²lais","creator":null,"developers":null,"translators":null,"contributors":null,"locales":["gd"]},{"name":"VikipetÃ£ (gn)","description":"VikipetÃ£, opaite tembikuaa hekosÃ£sÃ³va renda","creator":null,"developers":null,"translators":null,"contributors":null,"locales":["gn"]},{"name":"Wikipedija (hr)","description":"Wikipedija, slobodna enciklopedija","creator":null,"developers":null,"translators":null,"contributors":null,"locales":["hr"]},{"name":"Wikipedia (gl)","description":"Wikipedia, a enciclopedia libre","creator":null,"developers":null,"translators":null,"contributors":null,"locales":["gl"]},{"name":"à¤µà¤¿à¤•à¤¿à¤ªà¥€à¤¡à¤¿à¤¯à¤¾ (hi)","description":"à¤µà¤¿à¤•à¤¿à¤ªà¥€à¤¡à¤¿à¤¯à¤¾ (à¤¹à¤¿à¤¨à¥�à¤¦à¥€)","creator":null,"developers":null,"translators":null,"contributors":null,"locales":["hi"]},{"name":"×•×™×§×™×¤×“×™×”","description":"×•×™×§×™×¤×“×™×”","creator":null,"developers":null,"translators":null,"contributors":null,"locales":["he"]},{"name":"àªµàª¿àª•àª¿àªªà«€àª¡àª¿àª¯àª¾ (gu)","description":"àªµà«€àª•à«€àªªà«€àª¡àª¿àª¯àª¾, àª®à«�àª•à«�àª¤ àª�àª¨àª¸àª¾àª¯àª•à«�àª²à«‹àªªà«€àª¡àª¿àª¯àª¾","creator":null,"developers":null,"translators":null,"contributors":null,"locales":["gu"]}],"targetApplications":[{"id":"toolkit@mozilla.org","minVersion":null,"maxVersion":null}],"targetPlatforms":[],"seen":true,"dependencies":[],"incognito":"spanning","userPermissions":{"permissions":[],"origins":[]},"icons":{"16":"favicon.ico"},"iconURL":null,"blocklistState":0,"blocklistURL":null,"startupData":null,"hidden":true,"installTelemetryInfo":null,"recommendationState":null,"rootURI":"resource://search-extensions/wikipedia/","location":"app-builtin"}
1577096553865	addons.xpi	DEBUG	Loading bootstrap scope from resource://search-extensions/wikipedia/
1577096553865	addons.xpi	DEBUG	Calling bootstrap method install on wikipedia@search.mozilla.org version 1.0
1577096553865	addons.xpi	DEBUG	Calling bootstrap method startup on wikipedia@search.mozilla.org version 1.0
1577096567620	addons.productaddons	INFO	sending request to: https://aus5.mozilla.org/update/3/GMP/71.0/20191202093317/WINNT_x86_64-msvc-x64/en-US/release/Windows_NT%2010.0.0.0.18363.535%20(x64)/default/default/update.xml
1577096567661	addons.productaddons	INFO	Completed downloading document
1577096569522	addons.productaddons	INFO	downloadXHR File download. status=200
1577096569525	addons.productaddons	INFO	Downloaded file will be saved to C:\Windows\TEMP\tmpaddon-bc605c
1577096570164	addons.productaddons	INFO	downloadXHR File download. status=200
1577096570165	addons.productaddons	INFO	Downloaded file will be saved to C:\Windows\TEMP\tmpaddon-6b9d31

Build info: version: '2.53.1', revision: 'a36b8b1cd5757287168e54b817830adce9b0158d', time: '2016-06-30 19:26:09'
System info: host: 'DESKTOP-0SGOE2J', ip: '192.168.6.192', os.name: 'Windows 10', os.arch: 'amd64', os.version: '10.0', java.version: '14-ea'
Driver info: driver.version: FirefoxDriver
	at org.openqa.selenium.firefox.internal.NewProfileExtensionConnection.start(NewProfileExtensionConnection.java:125)
	at org.openqa.selenium.firefox.FirefoxDriver.startClient(FirefoxDriver.java:271)
	at org.openqa.selenium.remote.RemoteWebDriver.<init>(RemoteWebDriver.java:119)
	at org.openqa.selenium.firefox.FirefoxDriver.<init>(FirefoxDriver.java:216)
	at org.openqa.selenium.firefox.FirefoxDriver.<init>(FirefoxDriver.java:211)
	at org.openqa.selenium.firefox.FirefoxDriver.<init>(FirefoxDriver.java:207)
	at org.openqa.selenium.firefox.FirefoxDriver.<init>(FirefoxDriver.java:120)
	at test.NewTest.beforeClass(NewTest.java:21)
	at org.apache.maven.surefire.testng.TestNGExecutor.run(TestNGExecutor.java:283)
	at org.apache.maven.surefire.testng.TestNGXmlTestSuite.execute(TestNGXmlTestSuite.java:75)
	at org.apache.maven.surefire.testng.TestNGProvider.invoke(TestNGProvider.java:120)
	at org.apache.maven.surefire.booter.ForkedBooter.invokeProviderInSameClassLoader(ForkedBooter.java:386)
	at org.apache.maven.surefire.booter.ForkedBooter.runSuitesInProcess(ForkedBooter.java:323)
	at org.apache.maven.surefire.booter.ForkedBooter.main(ForkedBooter.java:143)
Caused by: org.openqa.selenium.firefox.NotConnectedException: Unable to connect to host 127.0.0.1 on port 7055 after 45000 ms. Firefox console output:
ription":"Wikipedia, an holloueziadur digor","creator":null,"developers":null,"translators":null,"contributors":null,"locales":["br"]},{"name":"Wikipedia (pl)","description":"Wikipedia, wolna encyklopedia","creator":null,"developers":null,"translators":null,"contributors":null,"locales":["pl"]},{"name":"Ð’Ñ–ÐºÑ–Ð¿Ñ�Ð´Ñ‹Ñ� (be-tarask)","description":"Ð’Ñ–ÐºÑ–Ð¿Ñ�Ð´Ñ‹Ñ�, Ð²Ð¾Ð»ÑŒÐ½Ð°Ñ� Ñ�Ð½Ñ†Ñ‹ÐºÐ»Ñ�Ð¿Ñ�Ð´Ñ‹Ñ�","creator":null,"developers":null,"translators":null,"contributors":null,"locales":["be-tarask"]},{"name":"Wikipedia (sv)","description":"Wikipedia, den fria encyklopedin","creator":null,"developers":null,"translators":null,"contributors":null,"locales":["sv-SE"]},{"name":"àº§àº´àº�àº´àºžàºµà»€àº”àº� (lo)","description":"àº§àº´àº�àº´àºžàºµà»€àº”àº�, àºªàº²àº¥àº²àº™àº¸àº�àº»àº¡à»€àºªàº¥àºµ","creator":null,"developers":null,"translators":null,"contributors":null,"locales":["lo"]},{"name":"Wikipedija (sl)","description":"Wikipedija, prosta enciklopedija","creator":null,"developers":null,"translators":null,"contributors":null,"locales":["sl"]},{"name":"VikipÄ“dija","description":"VikipÄ“dija, brÄ«vÄ� enciklopÄ“dija","creator":null,"developers":null,"translators":null,"contributors":null,"locales":["lv"]},{"name":"Biquipedia (an)","description":"A enciclopedia Libre","creator":null,"developers":null,"translators":null,"contributors":null,"locales":["an"]},{"name":"Uicipeid (gd)","description":"Wikipedia, An leabhar mÃ²r-eÃ²lais","creator":null,"developers":null,"translators":null,"contributors":null,"locales":["gd"]},{"name":"VikipetÃ£ (gn)","description":"VikipetÃ£, opaite tembikuaa hekosÃ£sÃ³va renda","creator":null,"developers":null,"translators":null,"contributors":null,"locales":["gn"]},{"name":"Wikipedija (hr)","description":"Wikipedija, slobodna enciklopedija","creator":null,"developers":null,"translators":null,"contributors":null,"locales":["hr"]},{"name":"Wikipedia (gl)","description":"Wikipedia, a enciclopedia libre","creator":null,"developers":null,"translators":null,"contributors":null,"locales":["gl"]},{"name":"à¤µà¤¿à¤•à¤¿à¤ªà¥€à¤¡à¤¿à¤¯à¤¾ (hi)","description":"à¤µà¤¿à¤•à¤¿à¤ªà¥€à¤¡à¤¿à¤¯à¤¾ (à¤¹à¤¿à¤¨à¥�à¤¦à¥€)","creator":null,"developers":null,"translators":null,"contributors":null,"locales":["hi"]},{"name":"×•×™×§×™×¤×“×™×”","description":"×•×™×§×™×¤×“×™×”","creator":null,"developers":null,"translators":null,"contributors":null,"locales":["he"]},{"name":"àªµàª¿àª•àª¿àªªà«€àª¡àª¿àª¯àª¾ (gu)","description":"àªµà«€àª•à«€àªªà«€àª¡àª¿àª¯àª¾, àª®à«�àª•à«�àª¤ àª�àª¨àª¸àª¾àª¯àª•à«�àª²à«‹àªªà«€àª¡àª¿àª¯àª¾","creator":null,"developers":null,"translators":null,"contributors":null,"locales":["gu"]}],"targetApplications":[{"id":"toolkit@mozilla.org","minVersion":null,"maxVersion":null}],"targetPlatforms":[],"seen":true,"dependencies":[],"incognito":"spanning","userPermissions":{"permissions":[],"origins":[]},"icons":{"16":"favicon.ico"},"iconURL":null,"blocklistState":0,"blocklistURL":null,"startupData":null,"hidden":true,"installTelemetryInfo":null,"recommendationState":null,"rootURI":"resource://search-extensions/wikipedia/","location":"app-builtin"}
1577096553865	addons.xpi	DEBUG	Loading bootstrap scope from resource://search-extensions/wikipedia/
1577096553865	addons.xpi	DEBUG	Calling bootstrap method install on wikipedia@search.mozilla.org version 1.0
1577096553865	addons.xpi	DEBUG	Calling bootstrap method startup on wikipedia@search.mozilla.org version 1.0
1577096567620	addons.productaddons	INFO	sending request to: https://aus5.mozilla.org/update/3/GMP/71.0/20191202093317/WINNT_x86_64-msvc-x64/en-US/release/Windows_NT%2010.0.0.0.18363.535%20(x64)/default/default/update.xml
1577096567661	addons.productaddons	INFO	Completed downloading document
1577096569522	addons.productaddons	INFO	downloadXHR File download. status=200
1577096569525	addons.productaddons	INFO	Downloaded file will be saved to C:\Windows\TEMP\tmpaddon-bc605c
1577096570164	addons.productaddons	INFO	downloadXHR File download. status=200
1577096570165	addons.productaddons	INFO	Downloaded file will be saved to C:\Windows\TEMP\tmpaddon-6b9d31

	at org.openqa.selenium.firefox.internal.NewProfileExtensionConnection.start(NewProfileExtensionConnection.java:113)
	... 34 more
... Removed 21 stack frames]]>
    </failure>
  </testcase> <!-- @BeforeClass beforeClass -->
  <testcase classname="test.NewTest" name="@AfterClass afterClass" time="0.0">
    <skipped/>
  </testcase> <!-- @AfterClass afterClass -->
  <testcase classname="test.NewTest" name="openMyBlog" time="0.001">
    <skipped/>
  </testcase> <!-- openMyBlog -->
</testsuite> <!-- Test -->
