<?xml version="1.0" encoding="UTF-8"?>
<testsuite xmlns:xsi="http://www.w3.org/2001/XMLSchema-instance" xsi:noNamespaceSchemaLocation="https://maven.apache.org/surefire/maven-surefire-plugin/xsd/surefire-test-report.xsd" name="TestSuite" time="52.391" tests="3" errors="0" skipped="2" failures="1">
  <properties>
[...]
</properties>
  <testcase name="beforeClass" classname="test.NewTest" time="52.199">
    <failure message="Failed to connect to binary FirefoxBinary(C:\Program Files\Mozilla Firefox\firefox.exe) on port 7055; process output follows: &#10;ription&quot;:&quot;Wikipedia, an holloueziadur digor&quot;,&quot;creator&quot;:null,&quot;developers&quot;:null,&quot;translators&quot;:null,&quot;contributors&quot;:null,&quot;locales&quot;:[&quot;br&quot;]},{&quot;name&quot;:&quot;Wikipedia (pl)&quot;,&quot;description&quot;:&quot;Wikipedia, wolna encyklopedia&quot;,&quot;creator&quot;:null,&quot;developers&quot;:null,&quot;translators&quot;:null,&quot;contributors&quot;:null,&quot;locales&quot;:[&quot;pl&quot;]},{&quot;name&quot;:&quot;Ð’Ñ–ÐºÑ–Ð¿Ñ�Ð´Ñ‹Ñ� (be-tarask)&quot;,&quot;description&quot;:&quot;Ð’Ñ–ÐºÑ–Ð¿Ñ�Ð´Ñ‹Ñ�, Ð²Ð¾Ð»ÑŒÐ½Ð°Ñ� Ñ�Ð½Ñ†Ñ‹ÐºÐ»Ñ�Ð¿Ñ�Ð´Ñ‹Ñ�&quot;,&quot;creator&quot;:null,&quot;developers&quot;:null,&quot;translators&quot;:null,&quot;contributors&quot;:null,&quot;locales&quot;:[&quot;be-tarask&quot;]},{&quot;name&quot;:&quot;Wikipedia (sv)&quot;,&quot;description&quot;:&quot;Wikipedia, den fria encyklopedin&quot;,&quot;creator&quot;:null,&quot;developers&quot;:null,&quot;translators&quot;:null,&quot;contributors&quot;:null,&quot;locales&quot;:[&quot;sv-SE&quot;]},{&quot;name&quot;:&quot;àº§àº´àº�àº´àºžàºµà»€àº”àº� (lo)&quot;,&quot;description&quot;:&quot;àº§àº´àº�àº´àºžàºµà»€àº”àº�, àºªàº²àº¥àº²àº™àº¸àº�àº»àº¡à»€àºªàº¥àºµ&quot;,&quot;creator&quot;:null,&quot;developers&quot;:null,&quot;translators&quot;:null,&quot;contributors&quot;:null,&quot;locales&quot;:[&quot;lo&quot;]},{&quot;name&quot;:&quot;Wikipedija (sl)&quot;,&quot;description&quot;:&quot;Wikipedija, prosta enciklopedija&quot;,&quot;creator&quot;:null,&quot;developers&quot;:null,&quot;translators&quot;:null,&quot;contributors&quot;:null,&quot;locales&quot;:[&quot;sl&quot;]},{&quot;name&quot;:&quot;VikipÄ“dija&quot;,&quot;description&quot;:&quot;VikipÄ“dija, brÄ«vÄ� enciklopÄ“dija&quot;,&quot;creator&quot;:null,&quot;developers&quot;:null,&quot;translators&quot;:null,&quot;contributors&quot;:null,&quot;locales&quot;:[&quot;lv&quot;]},{&quot;name&quot;:&quot;Biquipedia (an)&quot;,&quot;description&quot;:&quot;A enciclopedia Libre&quot;,&quot;creator&quot;:null,&quot;developers&quot;:null,&quot;translators&quot;:null,&quot;contributors&quot;:null,&quot;locales&quot;:[&quot;an&quot;]},{&quot;name&quot;:&quot;Uicipeid (gd)&quot;,&quot;description&quot;:&quot;Wikipedia, An leabhar mÃ²r-eÃ²lais&quot;,&quot;creator&quot;:null,&quot;developers&quot;:null,&quot;translators&quot;:null,&quot;contributors&quot;:null,&quot;locales&quot;:[&quot;gd&quot;]},{&quot;name&quot;:&quot;VikipetÃ£ (gn)&quot;,&quot;description&quot;:&quot;VikipetÃ£, opaite tembikuaa hekosÃ£sÃ³va renda&quot;,&quot;creator&quot;:null,&quot;developers&quot;:null,&quot;translators&quot;:null,&quot;contributors&quot;:null,&quot;locales&quot;:[&quot;gn&quot;]},{&quot;name&quot;:&quot;Wikipedija (hr)&quot;,&quot;description&quot;:&quot;Wikipedija, slobodna enciklopedija&quot;,&quot;creator&quot;:null,&quot;developers&quot;:null,&quot;translators&quot;:null,&quot;contributors&quot;:null,&quot;locales&quot;:[&quot;hr&quot;]},{&quot;name&quot;:&quot;Wikipedia (gl)&quot;,&quot;description&quot;:&quot;Wikipedia, a enciclopedia libre&quot;,&quot;creator&quot;:null,&quot;developers&quot;:null,&quot;translators&quot;:null,&quot;contributors&quot;:null,&quot;locales&quot;:[&quot;gl&quot;]},{&quot;name&quot;:&quot;à¤µà¤¿à¤•à¤¿à¤ªà¥€à¤¡à¤¿à¤¯à¤¾ (hi)&quot;,&quot;description&quot;:&quot;à¤µà¤¿à¤•à¤¿à¤ªà¥€à¤¡à¤¿à¤¯à¤¾ (à¤¹à¤¿à¤¨à¥�à¤¦à¥€)&quot;,&quot;creator&quot;:null,&quot;developers&quot;:null,&quot;translators&quot;:null,&quot;contributors&quot;:null,&quot;locales&quot;:[&quot;hi&quot;]},{&quot;name&quot;:&quot;×•×™×§×™×¤×“×™×”&quot;,&quot;description&quot;:&quot;×•×™×§×™×¤×“×™×”&quot;,&quot;creator&quot;:null,&quot;developers&quot;:null,&quot;translators&quot;:null,&quot;contributors&quot;:null,&quot;locales&quot;:[&quot;he&quot;]},{&quot;name&quot;:&quot;àªµàª¿àª•àª¿àªªà«€àª¡àª¿àª¯àª¾ (gu)&quot;,&quot;description&quot;:&quot;àªµà«€àª•à«€àªªà«€àª¡àª¿àª¯àª¾, àª®à«�àª•à«�àª¤ àª�àª¨àª¸àª¾àª¯àª•à«�àª²à«‹àªªà«€àª¡àª¿àª¯àª¾&quot;,&quot;creator&quot;:null,&quot;developers&quot;:null,&quot;translators&quot;:null,&quot;contributors&quot;:null,&quot;locales&quot;:[&quot;gu&quot;]}],&quot;targetApplications&quot;:[{&quot;id&quot;:&quot;toolkit@mozilla.org&quot;,&quot;minVersion&quot;:null,&quot;maxVersion&quot;:null}],&quot;targetPlatforms&quot;:[],&quot;seen&quot;:true,&quot;dependencies&quot;:[],&quot;incognito&quot;:&quot;spanning&quot;,&quot;userPermissions&quot;:{&quot;permissions&quot;:[],&quot;origins&quot;:[]},&quot;icons&quot;:{&quot;16&quot;:&quot;favicon.ico&quot;},&quot;iconURL&quot;:null,&quot;blocklistState&quot;:0,&quot;blocklistURL&quot;:null,&quot;startupData&quot;:null,&quot;hidden&quot;:true,&quot;installTelemetryInfo&quot;:null,&quot;recommendationState&quot;:null,&quot;rootURI&quot;:&quot;resource://search-extensions/wikipedia/&quot;,&quot;location&quot;:&quot;app-builtin&quot;}&#10;1577096553865	addons.xpi	DEBUG	Loading bootstrap scope from resource://search-extensions/wikipedia/&#10;1577096553865	addons.xpi	DEBUG	Calling bootstrap method install on wikipedia@search.mozilla.org version 1.0&#10;1577096553865	addons.xpi	DEBUG	Calling bootstrap method startup on wikipedia@search.mozilla.org version 1.0&#10;1577096567620	addons.productaddons	INFO	sending request to: https://aus5.mozilla.org/update/3/GMP/71.0/20191202093317/WINNT_x86_64-msvc-x64/en-US/release/Windows_NT%2010.0.0.0.18363.535%20(x64)/default/default/update.xml&#10;1577096567661	addons.productaddons	INFO	Completed downloading document&#10;1577096569522	addons.productaddons	INFO	downloadXHR File download. status=200&#10;1577096569525	addons.productaddons	INFO	Downloaded file will be saved to C:\Windows\TEMP\tmpaddon-bc605c&#10;1577096570164	addons.productaddons	INFO	downloadXHR File download. status=200&#10;1577096570165	addons.productaddons	INFO	Downloaded file will be saved to C:\Windows\TEMP\tmpaddon-6b9d31&#10;&#10;Build info: version: &apos;2.53.1&apos;, revision: &apos;a36b8b1cd5757287168e54b817830adce9b0158d&apos;, time: &apos;2016-06-30 19:26:09&apos;&#10;System info: host: &apos;DESKTOP-0SGOE2J&apos;, ip: &apos;192.168.6.192&apos;, os.name: &apos;Windows 10&apos;, os.arch: &apos;amd64&apos;, os.version: &apos;10.0&apos;, java.version: &apos;14-ea&apos;&#10;Driver info: driver.version: FirefoxDriver" type="org.openqa.selenium.WebDriverException">org.openqa.selenium.WebDriverException: 
Failed to connect to binary FirefoxBinary(C:\Program Files\Mozilla Firefox\firefox.exe) on port 7055; process output follows: 
ription":"Wikipedia, an holloueziadur digor","creator":null,"developers":null,"translators":null,"contributors":null,"locales":["br"]},{"name":"Wikipedia (pl)","description":"Wikipedia, wolna encyklopedia","creator":null,"developers":null,"translators":null,"contributors":null,"locales":["pl"]},{"name":"Ð’Ñ–ÐºÑ–Ð¿Ñ�Ð´Ñ‹Ñ� (be-tarask)","description":"Ð’Ñ–ÐºÑ–Ð¿Ñ�Ð´Ñ‹Ñ�, Ð²Ð¾Ð»ÑŒÐ½Ð°Ñ� Ñ�Ð½Ñ†Ñ‹ÐºÐ»Ñ�Ð¿Ñ�Ð´Ñ‹Ñ�","creator":null,"developers":null,"translators":null,"contributors":null,"locales":["be-tarask"]},{"name":"Wikipedia (sv)","description":"Wikipedia, den fria encyklopedin","creator":null,"developers":null,"translators":null,"contributors":null,"locales":["sv-SE"]},{"name":"àº§àº´àº�àº´àºžàºµà»€àº”àº� (lo)","description":"àº§àº´àº�àº´àºžàºµà»€àº”àº�, àºªàº²àº¥àº²àº™àº¸àº�àº»àº¡à»€àºªàº¥àºµ","creator":null,"developers":null,"translators":null,"contributors":null,"locales":["lo"]},{"name":"Wikipedija (sl)","description":"Wikipedija, prosta enciklopedija","creator":null,"developers":null,"translators":null,"contributors":null,"locales":["sl"]},{"name":"VikipÄ“dija","description":"VikipÄ“dija, brÄ«vÄ� enciklopÄ“dija","creator":null,"developers":null,"translators":null,"contributors":null,"locales":["lv"]},{"name":"Biquipedia (an)","description":"A enciclopedia Libre","creator":null,"developers":null,"translators":null,"contributors":null,"locales":["an"]},{"name":"Uicipeid (gd)","description":"Wikipedia, An leabhar mÃ²r-eÃ²lais","creator":null,"developers":null,"translators":null,"contributors":null,"locales":["gd"]},{"name":"VikipetÃ£ (gn)","description":"VikipetÃ£, opaite tembikuaa hekosÃ£sÃ³va renda","creator":null,"developers":null,"translators":null,"contributors":null,"locales":["gn"]},{"name":"Wikipedija (hr)","description":"Wikipedija, slobodna enciklopedija","creator":null,"developers":null,"translators":null,"contributors":null,"locales":["hr"]},{"name":"Wikipedia (gl)","description":"Wikipedia, a enciclopedia libre","creator":null,"developers":null,"translators":null,"contributors":null,"locales":["gl"]},{"name":"à¤µà¤¿à¤•à¤¿à¤ªà¥€à¤¡à¤¿à¤¯à¤¾ (hi)","description":"à¤µà¤¿à¤•à¤¿à¤ªà¥€à¤¡à¤¿à¤¯à¤¾ (à¤¹à¤¿à¤¨à¥�à¤¦à¥€)","creator":null,"developers":null,"translators":null,"contributors":null,"locales":["hi"]},{"name":"×•×™×§×™×¤×“×™×”","description":"×•×™×§×™×¤×“×™×”","creator":null,"developers":null,"translators":null,"contributors":null,"locales":["he"]},{"name":"àªµàª¿àª•àª¿àªªà«€àª¡àª¿àª¯àª¾ (gu)","description":"àªµà«€àª•à«€àªªà«€àª¡àª¿àª¯àª¾, àª®à«�àª•à«�àª¤ àª�àª¨àª¸àª¾àª¯àª•à«�àª²à«‹àªªà«€àª¡àª¿àª¯àª¾","creator":null,"developers":null,"translators":null,"contributors":null,"locales":["gu"]}],"targetApplications":[{"id":"toolkit@mozilla.org","minVersion":null,"maxVersion":null}],"targetPlatforms":[],"seen":true,"dependencies":[],"incognito":"spanning","userPermissions":{"permissions":[],"origins":[]},"icons":{"16":"favicon.ico"},"iconURL":null,"blocklistState":0,"blocklistURL":null,"startupData":null,"hidden":true,"installTelemetryInfo":null,"recommendationState":null,"rootURI":"resource://search-extensions/wikipedia/","location":"app-builtin"}
1577096553865	addons.xpi	DEBUG	Loading bootstrap scope from resource://search-extensions/wikipedia/
1577096553865	addons.xpi	DEBUG	Calling bootstrap method install on wikipedia@search.mozilla.org version 1.0
1577096553865	addons.xpi	DEBUG	Calling bootstrap method startup on wikipedia@search.mozilla.org version 1.0
1577096567620	addons.productaddons	INFO	sending request to: https://aus5.mozilla.org/update/3/GMP/71.0/20191202093317/WINNT_x86_64-msvc-x64/en-US/release/Windows_NT%2010.0.0.0.18363.535%20(x64)/default/default/update.xml
1577096567661	addons.productaddons	INFO	Completed downloading document
1577096569522	addons.productaddons	INFO	downloadXHR File download. status=200
1577096569525	addons.productaddons	INFO	Downloaded file will be saved to C:\Windows\TEMP\tmpaddon-bc605c
1577096570164	addons.productaddons	INFO	downloadXHR File download. status=200
1577096570165	addons.productaddons	INFO	Downloaded file will be saved to C:\Windows\TEMP\tmpaddon-6b9d31

Build info: version: '2.53.1', revision: 'a36b8b1cd5757287168e54b817830adce9b0158d', time: '2016-06-30 19:26:09'
System info: host: 'DESKTOP-0SGOE2J', ip: '192.168.6.192', os.name: 'Windows 10', os.arch: 'amd64', os.version: '10.0', java.version: '14-ea'
Driver info: driver.version: FirefoxDriver
	at test.NewTest.beforeClass(NewTest.java:21)
Caused by: org.openqa.selenium.firefox.NotConnectedException: 
Unable to connect to host 127.0.0.1 on port 7055 after 45000 ms. Firefox console output:
ription":"Wikipedia, an holloueziadur digor","creator":null,"developers":null,"translators":null,"contributors":null,"locales":["br"]},{"name":"Wikipedia (pl)","description":"Wikipedia, wolna encyklopedia","creator":null,"developers":null,"translators":null,"contributors":null,"locales":["pl"]},{"name":"Ð’Ñ–ÐºÑ–Ð¿Ñ�Ð´Ñ‹Ñ� (be-tarask)","description":"Ð’Ñ–ÐºÑ–Ð¿Ñ�Ð´Ñ‹Ñ�, Ð²Ð¾Ð»ÑŒÐ½Ð°Ñ� Ñ�Ð½Ñ†Ñ‹ÐºÐ»Ñ�Ð¿Ñ�Ð´Ñ‹Ñ�","creator":null,"developers":null,"translators":null,"contributors":null,"locales":["be-tarask"]},{"name":"Wikipedia (sv)","description":"Wikipedia, den fria encyklopedin","creator":null,"developers":null,"translators":null,"contributors":null,"locales":["sv-SE"]},{"name":"àº§àº´àº�àº´àºžàºµà»€àº”àº� (lo)","description":"àº§àº´àº�àº´àºžàºµà»€àº”àº�, àºªàº²àº¥àº²àº™àº¸àº�àº»àº¡à»€àºªàº¥àºµ","creator":null,"developers":null,"translators":null,"contributors":null,"locales":["lo"]},{"name":"Wikipedija (sl)","description":"Wikipedija, prosta enciklopedija","creator":null,"developers":null,"translators":null,"contributors":null,"locales":["sl"]},{"name":"VikipÄ“dija","description":"VikipÄ“dija, brÄ«vÄ� enciklopÄ“dija","creator":null,"developers":null,"translators":null,"contributors":null,"locales":["lv"]},{"name":"Biquipedia (an)","description":"A enciclopedia Libre","creator":null,"developers":null,"translators":null,"contributors":null,"locales":["an"]},{"name":"Uicipeid (gd)","description":"Wikipedia, An leabhar mÃ²r-eÃ²lais","creator":null,"developers":null,"translators":null,"contributors":null,"locales":["gd"]},{"name":"VikipetÃ£ (gn)","description":"VikipetÃ£, opaite tembikuaa hekosÃ£sÃ³va renda","creator":null,"developers":null,"translators":null,"contributors":null,"locales":["gn"]},{"name":"Wikipedija (hr)","description":"Wikipedija, slobodna enciklopedija","creator":null,"developers":null,"translators":null,"contributors":null,"locales":["hr"]},{"name":"Wikipedia (gl)","description":"Wikipedia, a enciclopedia libre","creator":null,"developers":null,"translators":null,"contributors":null,"locales":["gl"]},{"name":"à¤µà¤¿à¤•à¤¿à¤ªà¥€à¤¡à¤¿à¤¯à¤¾ (hi)","description":"à¤µà¤¿à¤•à¤¿à¤ªà¥€à¤¡à¤¿à¤¯à¤¾ (à¤¹à¤¿à¤¨à¥�à¤¦à¥€)","creator":null,"developers":null,"translators":null,"contributors":null,"locales":["hi"]},{"name":"×•×™×§×™×¤×“×™×”","description":"×•×™×§×™×¤×“×™×”","creator":null,"developers":null,"translators":null,"contributors":null,"locales":["he"]},{"name":"àªµàª¿àª•àª¿àªªà«€àª¡àª¿àª¯àª¾ (gu)","description":"àªµà«€àª•à«€àªªà«€àª¡àª¿àª¯àª¾, àª®à«�àª•à«�àª¤ àª�àª¨àª¸àª¾àª¯àª•à«�àª²à«‹àªªà«€àª¡àª¿àª¯àª¾","creator":null,"developers":null,"translators":null,"contributors":null,"locales":["gu"]}],"targetApplications":[{"id":"toolkit@mozilla.org","minVersion":null,"maxVersion":null}],"targetPlatforms":[],"seen":true,"dependencies":[],"incognito":"spanning","userPermissions":{"permissions":[],"origins":[]},"icons":{"16":"favicon.ico"},"iconURL":null,"blocklistState":0,"blocklistURL":null,"startupData":null,"hidden":true,"installTelemetryInfo":null,"recommendationState":null,"rootURI":"resource://search-extensions/wikipedia/","location":"app-builtin"}
1577096553865	addons.xpi	DEBUG	Loading bootstrap scope from resource://search-extensions/wikipedia/
1577096553865	addons.xpi	DEBUG	Calling bootstrap method install on wikipedia@search.mozilla.org version 1.0
1577096553865	addons.xpi	DEBUG	Calling bootstrap method startup on wikipedia@search.mozilla.org version 1.0
1577096567620	addons.productaddons	INFO	sending request to: https://aus5.mozilla.org/update/3/GMP/71.0/20191202093317/WINNT_x86_64-msvc-x64/en-US/release/Windows_NT%2010.0.0.0.18363.535%20(x64)/default/default/update.xml
1577096567661	addons.productaddons	INFO	Completed downloading document
1577096569522	addons.productaddons	INFO	downloadXHR File download. status=200
1577096569525	addons.productaddons	INFO	Downloaded file will be saved to C:\Windows\TEMP\tmpaddon-bc605c
1577096570164	addons.productaddons	INFO	downloadXHR File download. status=200
1577096570165	addons.productaddons	INFO	Downloaded file will be saved to C:\Windows\TEMP\tmpaddon-6b9d31

	at test.NewTest.beforeClass(NewTest.java:21)
</failure>
    <system-err><![CDATA[org.openqa.selenium.firefox.NotConnectedException: Unable to connect to host 127.0.0.1 on port 7055 after 45000 ms. Firefox console output:
ription":"Wikipedia, an holloueziadur digor","creator":null,"developers":null,"translators":null,"contributors":null,"locales":["br"]},{"name":"Wikipedia (pl)","description":"Wikipedia, wolna encyklopedia","creator":null,"developers":null,"translators":null,"contributors":null,"locales":["pl"]},{"name":"Ð’Ñ–ÐºÑ–Ð¿Ñ?Ð´Ñ‹Ñ? (be-tarask)","description":"Ð’Ñ–ÐºÑ–Ð¿Ñ?Ð´Ñ‹Ñ?, Ð²Ð¾Ð»ÑŒÐ½Ð°Ñ? Ñ?Ð½Ñ†Ñ‹ÐºÐ»Ñ?Ð¿Ñ?Ð´Ñ‹Ñ?","creator":null,"developers":null,"translators":null,"contributors":null,"locales":["be-tarask"]},{"name":"Wikipedia (sv)","description":"Wikipedia, den fria encyklopedin","creator":null,"developers":null,"translators":null,"contributors":null,"locales":["sv-SE"]},{"name":"àº§àº´àº?àº´àºžàºµà»€àº”àº? (lo)","description":"àº§àº´àº?àº´àºžàºµà»€àº”àº?, àºªàº²àº¥àº²àº™àº¸àº?àº»àº¡à»€àºªàº¥àºµ","creator":null,"developers":null,"translators":null,"contributors":null,"locales":["lo"]},{"name":"Wikipedija (sl)","description":"Wikipedija, prosta enciklopedija","creator":null,"developers":null,"translators":null,"contributors":null,"locales":["sl"]},{"name":"VikipÄ“dija","description":"VikipÄ“dija, brÄ«vÄ? enciklopÄ“dija","creator":null,"developers":null,"translators":null,"contributors":null,"locales":["lv"]},{"name":"Biquipedia (an)","description":"A enciclopedia Libre","creator":null,"developers":null,"translators":null,"contributors":null,"locales":["an"]},{"name":"Uicipeid (gd)","description":"Wikipedia, An leabhar mÃ²r-eÃ²lais","creator":null,"developers":null,"translators":null,"contributors":null,"locales":["gd"]},{"name":"VikipetÃ£ (gn)","description":"VikipetÃ£, opaite tembikuaa hekosÃ£sÃ³va renda","creator":null,"developers":null,"translators":null,"contributors":null,"locales":["gn"]},{"name":"Wikipedija (hr)","description":"Wikipedija, slobodna enciklopedija","creator":null,"developers":null,"translators":null,"contributors":null,"locales":["hr"]},{"name":"Wikipedia (gl)","description":"Wikipedia, a enciclopedia libre","creator":null,"developers":null,"translators":null,"contributors":null,"locales":["gl"]},{"name":"à¤µà¤¿à¤•à¤¿à¤ªà¥€à¤¡à¤¿à¤¯à¤¾ (hi)","description":"à¤µà¤¿à¤•à¤¿à¤ªà¥€à¤¡à¤¿à¤¯à¤¾ (à¤¹à¤¿à¤¨à¥?à¤¦à¥€)","creator":null,"developers":null,"translators":null,"contributors":null,"locales":["hi"]},{"name":"×•×™×§×™×¤×“×™×”","description":"×•×™×§×™×¤×“×™×”","creator":null,"developers":null,"translators":null,"contributors":null,"locales":["he"]},{"name":"àªµàª¿àª•àª¿àªªà«€àª¡àª¿àª¯àª¾ (gu)","description":"àªµà«€àª•à«€àªªà«€àª¡àª¿àª¯àª¾, àª®à«?àª•à«?àª¤ àª?àª¨àª¸àª¾àª¯àª•à«?àª²à«‹àªªà«€àª¡àª¿àª¯àª¾","creator":null,"developers":null,"translators":null,"contributors":null,"locales":["gu"]}],"targetApplications":[{"id":"toolkit@mozilla.org","minVersion":null,"maxVersion":null}],"targetPlatforms":[],"seen":true,"dependencies":[],"incognito":"spanning","userPermissions":{"permissions":[],"origins":[]},"icons":{"16":"favicon.ico"},"iconURL":null,"blocklistState":0,"blocklistURL":null,"startupData":null,"hidden":true,"installTelemetryInfo":null,"recommendationState":null,"rootURI":"resource://search-extensions/wikipedia/","location":"app-builtin"}
1577096553865	addons.xpi	DEBUG	Loading bootstrap scope from resource://search-extensions/wikipedia/
1577096553865	addons.xpi	DEBUG	Calling bootstrap method install on wikipedia@search.mozilla.org version 1.0
1577096553865	addons.xpi	DEBUG	Calling bootstrap method startup on wikipedia@search.mozilla.org version 1.0
1577096567620	addons.productaddons	INFO	sending request to: https://aus5.mozilla.org/update/3/GMP/71.0/20191202093317/WINNT_x86_64-msvc-x64/en-US/release/Windows_NT%2010.0.0.0.18363.535%20(x64)/default/default/update.xml
1577096567661	addons.productaddons	INFO	Completed downloading document
1577096569522	addons.productaddons	INFO	downloadXHR File download. status=200
1577096569525	addons.productaddons	INFO	Downloaded file will be saved to C:\Windows\TEMP\tmpaddon-bc605c
1577096570164	addons.productaddons	INFO	downloadXHR File download. status=200
1577096570165	addons.productaddons	INFO	Downloaded file will be saved to C:\Windows\TEMP\tmpaddon-6b9d31

	at org.openqa.selenium.firefox.internal.NewProfileExtensionConnection.start(NewProfileExtensionConnection.java:113)
	at org.openqa.selenium.firefox.FirefoxDriver.startClient(FirefoxDriver.java:271)
	at org.openqa.selenium.remote.RemoteWebDriver.<init>(RemoteWebDriver.java:119)
	at org.openqa.selenium.firefox.FirefoxDriver.<init>(FirefoxDriver.java:216)
	at org.openqa.selenium.firefox.FirefoxDriver.<init>(FirefoxDriver.java:211)
	at org.openqa.selenium.firefox.FirefoxDriver.<init>(FirefoxDriver.java:207)
	at org.openqa.selenium.firefox.FirefoxDriver.<init>(FirefoxDriver.java:120)
	at test.NewTest.beforeClass(NewTest.java:21)
	at java.base/jdk.internal.reflect.NativeMethodAccessorImpl.invoke0(Native Method)
	at java.base/jdk.internal.reflect.NativeMethodAccessorImpl.invoke(NativeMethodAccessorImpl.java:62)
	at java.base/jdk.internal.reflect.DelegatingMethodAccessorImpl.invoke(DelegatingMethodAccessorImpl.java:43)
	at java.base/java.lang.reflect.Method.invoke(Method.java:564)
	at org.testng.internal.MethodInvocationHelper.invokeMethod(MethodInvocationHelper.java:80)
	at org.testng.internal.Invoker.invokeConfigurationMethod(Invoker.java:564)
	at org.testng.internal.Invoker.invokeConfigurations(Invoker.java:213)
	at org.testng.internal.Invoker.invokeConfigurations(Invoker.java:138)
	at org.testng.internal.TestMethodWorker.invokeBeforeClassMethods(TestMethodWorker.java:175)
	at org.testng.internal.TestMethodWorker.run(TestMethodWorker.java:107)
	at org.testng.TestRunner.privateRun(TestRunner.java:767)
	at org.testng.TestRunner.run(TestRunner.java:617)
	at org.testng.SuiteRunner.runTest(SuiteRunner.java:334)
	at org.testng.SuiteRunner.runSequentially(SuiteRunner.java:329)
	at org.testng.SuiteRunner.privateRun(SuiteRunner.java:291)
	at org.testng.SuiteRunner.run(SuiteRunner.java:240)
	at org.testng.SuiteRunnerWorker.runSuite(SuiteRunnerWorker.java:52)
	at org.testng.SuiteRunnerWorker.run(SuiteRunnerWorker.java:86)
	at org.testng.TestNG.runSuitesSequentially(TestNG.java:1198)
	at org.testng.TestNG.runSuitesLocally(TestNG.java:1123)
	at org.testng.TestNG.run(TestNG.java:1031)
	at org.apache.maven.surefire.testng.TestNGExecutor.run(TestNGExecutor.java:283)
	at org.apache.maven.surefire.testng.TestNGXmlTestSuite.execute(TestNGXmlTestSuite.java:75)
	at org.apache.maven.surefire.testng.TestNGProvider.invoke(TestNGProvider.java:120)
	at org.apache.maven.surefire.booter.ForkedBooter.invokeProviderInSameClassLoader(ForkedBooter.java:386)
	at org.apache.maven.surefire.booter.ForkedBooter.runSuitesInProcess(ForkedBooter.java:323)
	at org.apache.maven.surefire.booter.ForkedBooter.main(ForkedBooter.java:143)
]]></system-err>
  </testcase>
  <testcase name="openMyBlog" classname="test.NewTest" time="0">
    <skipped/>
  </testcase>
  <testcase name="afterClass" classname="test.NewTest" time="0">
    <skipped/>
  </testcase>
</testsuite>