<?xml version="1.0" encoding="UTF-8"?>
<testng-results total="1" passed="0" failed="0" skipped="1">
  <reporter-output>
  </reporter-output>
  <suite started-at="2019-12-23T08:03:24Z" name="Suite" finished-at="2019-12-23T08:04:14Z" duration-ms="50135">
    <groups>
    </groups>
    <test started-at="2019-12-23T08:03:24Z" name="Test" finished-at="2019-12-23T08:04:14Z" duration-ms="50135">
      <class name="test.NewTest">
        <test-method is-config="true" signature="beforeClass()[pri:0, instance:test.NewTest@2a40cd94]" started-at="2019-12-23T13:33:24Z" name="beforeClass" finished-at="2019-12-23T13:33:24Z" duration-ms="0" status="FAIL">
          <exception class="org.openqa.selenium.WebDriverException">
            <message>
              <![CDATA[Failed to connect to binary FirefoxBinary(C:\Program Files\Mozilla Firefox\firefox.exe) on port 7055; process output follows: 
ator":null,"developers":null,"translators":null,"contributors":null,"locales":["af"]},{"name":"ÙˆÛŒÚ©ÛŒâ€ŒÙ¾Ø¯ÛŒØ§ (fa)","description":"ÙˆÛŒÚ©ÛŒâ€ŒÙ¾Ø¯ÛŒØ§ØŒ Ø¯Ø§Ù†Ø´Ù†Ø§Ù…Ù‡Ù” Ø¢Ø²Ø§Ø¯","creator":null,"developers":null,"translators":null,"contributors":null,"locales":["fa"]},{"name":"à´µà´¿à´•àµ�à´•à´¿à´ªàµ€à´¡à´¿à´¯ (ml)","description":"à´µà´¿à´•àµ�à´•à´¿à´ªàµ€à´¡à´¿à´¯, à´¸àµ�à´µà´¤à´¨àµ�à´¤àµ�à´° à´¸à´°àµ�â€�à´µàµ�à´µà´µà´¿à´œàµ�à´žà´¾à´¨à´•àµ‹à´¶à´‚ ","creator":null,"developers":null,"translators":null,"contributors":null,"locales":["ml"]},{"name":"Wikipedia (ms)","description":"Wikipedia, ensiklopedia bebas","creator":null,"developers":null,"translators":null,"contributors":null,"locales":["ms"]},{"name":"Wikipedia (ia)","description":"Wikipedia, le encyclopedia libere","creator":null,"developers":null,"translators":null,"contributors":null,"locales":["ia"]},{"name":"Wikipedia (no)","description":"Wikipedia, den frie encyklopedi","creator":null,"developers":null,"translators":null,"contributors":null,"locales":["NO"]},{"name":"Wikipedia (br)","description":"Wikipedia, an holloueziadur digor","creator":null,"developers":null,"translators":null,"contributors":null,"locales":["br"]},{"name":"Ð’Ð¸ÐºÐ¸Ð¿ÐµÐ´Ð¸Ñ� (ru)","description":"Ð’Ð¸ÐºÐ¸Ð¿ÐµÐ´Ð¸Ñ�, Ñ�Ð²Ð¾Ð±Ð¾Ð´Ð½Ð°Ñ� Ñ�Ð½Ñ†Ð¸ÐºÐ»Ð¾Ð¿ÐµÐ´Ð¸Ñ�","creator":null,"developers":null,"translators":null,"contributors":null,"locales":["ru"]},{"name":"Wikipedia (pl)","description":"Wikipedia, wolna encyklopedia","creator":null,"developers":null,"translators":null,"contributors":null,"locales":["pl"]},{"name":"Ð’Ñ–ÐºÑ–Ð¿Ñ�Ð´Ñ‹Ñ� (be-tarask)","description":"Ð’Ñ–ÐºÑ–Ð¿Ñ�Ð´Ñ‹Ñ�, Ð²Ð¾Ð»ÑŒÐ½Ð°Ñ� Ñ�Ð½Ñ†Ñ‹ÐºÐ»Ñ�Ð¿Ñ�Ð´Ñ‹Ñ�","creator":null,"developers":null,"translators":null,"contributors":null,"locales":["be-tarask"]},{"name":"Wikipedia (sv)","description":"Wikipedia, den fria encyklopedin","creator":null,"developers":null,"translators":null,"contributors":null,"locales":["sv-SE"]},{"name":"àº§àº´àº�àº´àºžàºµà»€àº”àº� (lo)","description":"àº§àº´àº�àº´àºžàºµà»€àº”àº�, àºªàº²àº¥àº²àº™àº¸àº�àº»àº¡à»€àºªàº¥àºµ","creator":null,"developers":null,"translators":null,"contributors":null,"locales":["lo"]},{"name":"Wikipedija (sl)","description":"Wikipedija, prosta enciklopedija","creator":null,"developers":null,"translators":null,"contributors":null,"locales":["sl"]},{"name":"VikipÄ“dija","description":"VikipÄ“dija, brÄ«vÄ� enciklopÄ“dija","creator":null,"developers":null,"translators":null,"contributors":null,"locales":["lv"]},{"name":"Biquipedia (an)","description":"A enciclopedia Libre","creator":null,"developers":null,"translators":null,"contributors":null,"locales":["an"]}],"targetApplications":[{"id":"toolkit@mozilla.org","minVersion":null,"maxVersion":null}],"targetPlatforms":[],"seen":true,"dependencies":[],"incognito":"spanning","userPermissions":{"permissions":[],"origins":[]},"icons":{"16":"favicon.ico"},"iconURL":null,"blocklistState":0,"blocklistURL":null,"startupData":null,"hidden":true,"installTelemetryInfo":null,"recommendationState":null,"rootURI":"resource://search-extensions/wikipedia/","location":"app-builtin"}
1577088211618	addons.xpi	DEBUG	Loading bootstrap scope from resource://search-extensions/wikipedia/
1577088211618	addons.xpi	DEBUG	Calling bootstrap method install on wikipedia@search.mozilla.org version 1.0
1577088211618	addons.xpi	DEBUG	Calling bootstrap method startup on wikipedia@search.mozilla.org version 1.0
1577088229297	addons.productaddons	INFO	sending request to: https://aus5.mozilla.org/update/3/GMP/71.0/20191202093317/WINNT_x86_64-msvc-x64/en-US/release/Windows_NT%2010.0.0.0.18363.535%20(x64)/default/default/update.xml
1577088229329	addons.productaddons	INFO	Completed downloading document
1577088230439	addons.productaddons	INFO	downloadXHR File download. status=200
1577088230446	addons.productaddons	INFO	Downloaded file will be saved to C:\Windows\TEMP\tmpaddon-e89a6
1577088231181	addons.productaddons	INFO	downloadXHR File download. status=200
1577088231183	addons.productaddons	INFO	Downloaded file will be saved to C:\Windows\TEMP\tmpaddon-3082d5

Build info: version: '2.53.1', revision: 'a36b8b1cd5757287168e54b817830adce9b0158d', time: '2016-06-30 19:26:09'
System info: host: 'DESKTOP-0SGOE2J', ip: '192.168.6.192', os.name: 'Windows 10', os.arch: 'amd64', os.version: '10.0', java.version: '14-ea'
Driver info: driver.version: FirefoxDriver]]>
            </message>
            <full-stacktrace>
              <![CDATA[org.openqa.selenium.WebDriverException: Failed to connect to binary FirefoxBinary(C:\Program Files\Mozilla Firefox\firefox.exe) on port 7055; process output follows: 
ator":null,"developers":null,"translators":null,"contributors":null,"locales":["af"]},{"name":"ÙˆÛŒÚ©ÛŒâ€ŒÙ¾Ø¯ÛŒØ§ (fa)","description":"ÙˆÛŒÚ©ÛŒâ€ŒÙ¾Ø¯ÛŒØ§ØŒ Ø¯Ø§Ù†Ø´Ù†Ø§Ù…Ù‡Ù” Ø¢Ø²Ø§Ø¯","creator":null,"developers":null,"translators":null,"contributors":null,"locales":["fa"]},{"name":"à´µà´¿à´•àµ�à´•à´¿à´ªàµ€à´¡à´¿à´¯ (ml)","description":"à´µà´¿à´•àµ�à´•à´¿à´ªàµ€à´¡à´¿à´¯, à´¸àµ�à´µà´¤à´¨àµ�à´¤àµ�à´° à´¸à´°àµ�â€�à´µàµ�à´µà´µà´¿à´œàµ�à´žà´¾à´¨à´•àµ‹à´¶à´‚ ","creator":null,"developers":null,"translators":null,"contributors":null,"locales":["ml"]},{"name":"Wikipedia (ms)","description":"Wikipedia, ensiklopedia bebas","creator":null,"developers":null,"translators":null,"contributors":null,"locales":["ms"]},{"name":"Wikipedia (ia)","description":"Wikipedia, le encyclopedia libere","creator":null,"developers":null,"translators":null,"contributors":null,"locales":["ia"]},{"name":"Wikipedia (no)","description":"Wikipedia, den frie encyklopedi","creator":null,"developers":null,"translators":null,"contributors":null,"locales":["NO"]},{"name":"Wikipedia (br)","description":"Wikipedia, an holloueziadur digor","creator":null,"developers":null,"translators":null,"contributors":null,"locales":["br"]},{"name":"Ð’Ð¸ÐºÐ¸Ð¿ÐµÐ´Ð¸Ñ� (ru)","description":"Ð’Ð¸ÐºÐ¸Ð¿ÐµÐ´Ð¸Ñ�, Ñ�Ð²Ð¾Ð±Ð¾Ð´Ð½Ð°Ñ� Ñ�Ð½Ñ†Ð¸ÐºÐ»Ð¾Ð¿ÐµÐ´Ð¸Ñ�","creator":null,"developers":null,"translators":null,"contributors":null,"locales":["ru"]},{"name":"Wikipedia (pl)","description":"Wikipedia, wolna encyklopedia","creator":null,"developers":null,"translators":null,"contributors":null,"locales":["pl"]},{"name":"Ð’Ñ–ÐºÑ–Ð¿Ñ�Ð´Ñ‹Ñ� (be-tarask)","description":"Ð’Ñ–ÐºÑ–Ð¿Ñ�Ð´Ñ‹Ñ�, Ð²Ð¾Ð»ÑŒÐ½Ð°Ñ� Ñ�Ð½Ñ†Ñ‹ÐºÐ»Ñ�Ð¿Ñ�Ð´Ñ‹Ñ�","creator":null,"developers":null,"translators":null,"contributors":null,"locales":["be-tarask"]},{"name":"Wikipedia (sv)","description":"Wikipedia, den fria encyklopedin","creator":null,"developers":null,"translators":null,"contributors":null,"locales":["sv-SE"]},{"name":"àº§àº´àº�àº´àºžàºµà»€àº”àº� (lo)","description":"àº§àº´àº�àº´àºžàºµà»€àº”àº�, àºªàº²àº¥àº²àº™àº¸àº�àº»àº¡à»€àºªàº¥àºµ","creator":null,"developers":null,"translators":null,"contributors":null,"locales":["lo"]},{"name":"Wikipedija (sl)","description":"Wikipedija, prosta enciklopedija","creator":null,"developers":null,"translators":null,"contributors":null,"locales":["sl"]},{"name":"VikipÄ“dija","description":"VikipÄ“dija, brÄ«vÄ� enciklopÄ“dija","creator":null,"developers":null,"translators":null,"contributors":null,"locales":["lv"]},{"name":"Biquipedia (an)","description":"A enciclopedia Libre","creator":null,"developers":null,"translators":null,"contributors":null,"locales":["an"]}],"targetApplications":[{"id":"toolkit@mozilla.org","minVersion":null,"maxVersion":null}],"targetPlatforms":[],"seen":true,"dependencies":[],"incognito":"spanning","userPermissions":{"permissions":[],"origins":[]},"icons":{"16":"favicon.ico"},"iconURL":null,"blocklistState":0,"blocklistURL":null,"startupData":null,"hidden":true,"installTelemetryInfo":null,"recommendationState":null,"rootURI":"resource://search-extensions/wikipedia/","location":"app-builtin"}
1577088211618	addons.xpi	DEBUG	Loading bootstrap scope from resource://search-extensions/wikipedia/
1577088211618	addons.xpi	DEBUG	Calling bootstrap method install on wikipedia@search.mozilla.org version 1.0
1577088211618	addons.xpi	DEBUG	Calling bootstrap method startup on wikipedia@search.mozilla.org version 1.0
1577088229297	addons.productaddons	INFO	sending request to: https://aus5.mozilla.org/update/3/GMP/71.0/20191202093317/WINNT_x86_64-msvc-x64/en-US/release/Windows_NT%2010.0.0.0.18363.535%20(x64)/default/default/update.xml
1577088229329	addons.productaddons	INFO	Completed downloading document
1577088230439	addons.productaddons	INFO	downloadXHR File download. status=200
1577088230446	addons.productaddons	INFO	Downloaded file will be saved to C:\Windows\TEMP\tmpaddon-e89a6
1577088231181	addons.productaddons	INFO	downloadXHR File download. status=200
1577088231183	addons.productaddons	INFO	Downloaded file will be saved to C:\Windows\TEMP\tmpaddon-3082d5

Build info: version: '2.53.1', revision: 'a36b8b1cd5757287168e54b817830adce9b0158d', time: '2016-06-30 19:26:09'
System info: host: 'DESKTOP-0SGOE2J', ip: '192.168.6.192', os.name: 'Windows 10', os.arch: 'amd64', os.version: '10.0', java.version: '14-ea'
Driver info: driver.version: FirefoxDriver
	at org.openqa.selenium.firefox.internal.NewProfileExtensionConnection.start(NewProfileExtensionConnection.java:125)
	at org.openqa.selenium.firefox.FirefoxDriver.startClient(FirefoxDriver.java:271)
	at org.openqa.selenium.remote.RemoteWebDriver.<init>(RemoteWebDriver.java:119)
	at org.openqa.selenium.firefox.FirefoxDriver.<init>(FirefoxDriver.java:216)
	at org.openqa.selenium.firefox.FirefoxDriver.<init>(FirefoxDriver.java:211)
	at org.openqa.selenium.firefox.FirefoxDriver.<init>(FirefoxDriver.java:207)
	at org.openqa.selenium.firefox.FirefoxDriver.<init>(FirefoxDriver.java:120)
	at test.NewTest.beforeClass(NewTest.java:21)
	at java.base/jdk.internal.reflect.NativeMethodAccessorImpl.invoke0(Native Method)
	at java.base/jdk.internal.reflect.NativeMethodAccessorImpl.invoke(NativeMethodAccessorImpl.java:62)
	at java.base/jdk.internal.reflect.DelegatingMethodAccessorImpl.invoke(DelegatingMethodAccessorImpl.java:43)
	at java.base/java.lang.reflect.Method.invoke(Method.java:564)
	at org.testng.internal.MethodInvocationHelper.invokeMethod(MethodInvocationHelper.java:80)
	at org.testng.internal.Invoker.invokeConfigurationMethod(Invoker.java:564)
	at org.testng.internal.Invoker.invokeConfigurations(Invoker.java:213)
	at org.testng.internal.Invoker.invokeConfigurations(Invoker.java:138)
	at org.testng.internal.TestMethodWorker.invokeBeforeClassMethods(TestMethodWorker.java:175)
	at org.testng.internal.TestMethodWorker.run(TestMethodWorker.java:107)
	at org.testng.TestRunner.privateRun(TestRunner.java:767)
	at org.testng.TestRunner.run(TestRunner.java:617)
	at org.testng.SuiteRunner.runTest(SuiteRunner.java:334)
	at org.testng.SuiteRunner.runSequentially(SuiteRunner.java:329)
	at org.testng.SuiteRunner.privateRun(SuiteRunner.java:291)
	at org.testng.SuiteRunner.run(SuiteRunner.java:240)
	at org.testng.SuiteRunnerWorker.runSuite(SuiteRunnerWorker.java:52)
	at org.testng.SuiteRunnerWorker.run(SuiteRunnerWorker.java:86)
	at org.testng.TestNG.runSuitesSequentially(TestNG.java:1198)
	at org.testng.TestNG.runSuitesLocally(TestNG.java:1123)
	at org.testng.TestNG.run(TestNG.java:1031)
	at org.apache.maven.surefire.testng.TestNGExecutor.run(TestNGExecutor.java:283)
	at org.apache.maven.surefire.testng.TestNGXmlTestSuite.execute(TestNGXmlTestSuite.java:75)
	at org.apache.maven.surefire.testng.TestNGProvider.invoke(TestNGProvider.java:120)
	at org.apache.maven.surefire.booter.ForkedBooter.invokeProviderInSameClassLoader(ForkedBooter.java:386)
	at org.apache.maven.surefire.booter.ForkedBooter.runSuitesInProcess(ForkedBooter.java:323)
	at org.apache.maven.surefire.booter.ForkedBooter.main(ForkedBooter.java:143)
Caused by: org.openqa.selenium.firefox.NotConnectedException: Unable to connect to host 127.0.0.1 on port 7055 after 45000 ms. Firefox console output:
ator":null,"developers":null,"translators":null,"contributors":null,"locales":["af"]},{"name":"ÙˆÛŒÚ©ÛŒâ€ŒÙ¾Ø¯ÛŒØ§ (fa)","description":"ÙˆÛŒÚ©ÛŒâ€ŒÙ¾Ø¯ÛŒØ§ØŒ Ø¯Ø§Ù†Ø´Ù†Ø§Ù…Ù‡Ù” Ø¢Ø²Ø§Ø¯","creator":null,"developers":null,"translators":null,"contributors":null,"locales":["fa"]},{"name":"à´µà´¿à´•àµ�à´•à´¿à´ªàµ€à´¡à´¿à´¯ (ml)","description":"à´µà´¿à´•àµ�à´•à´¿à´ªàµ€à´¡à´¿à´¯, à´¸àµ�à´µà´¤à´¨àµ�à´¤àµ�à´° à´¸à´°àµ�â€�à´µàµ�à´µà´µà´¿à´œàµ�à´žà´¾à´¨à´•àµ‹à´¶à´‚ ","creator":null,"developers":null,"translators":null,"contributors":null,"locales":["ml"]},{"name":"Wikipedia (ms)","description":"Wikipedia, ensiklopedia bebas","creator":null,"developers":null,"translators":null,"contributors":null,"locales":["ms"]},{"name":"Wikipedia (ia)","description":"Wikipedia, le encyclopedia libere","creator":null,"developers":null,"translators":null,"contributors":null,"locales":["ia"]},{"name":"Wikipedia (no)","description":"Wikipedia, den frie encyklopedi","creator":null,"developers":null,"translators":null,"contributors":null,"locales":["NO"]},{"name":"Wikipedia (br)","description":"Wikipedia, an holloueziadur digor","creator":null,"developers":null,"translators":null,"contributors":null,"locales":["br"]},{"name":"Ð’Ð¸ÐºÐ¸Ð¿ÐµÐ´Ð¸Ñ� (ru)","description":"Ð’Ð¸ÐºÐ¸Ð¿ÐµÐ´Ð¸Ñ�, Ñ�Ð²Ð¾Ð±Ð¾Ð´Ð½Ð°Ñ� Ñ�Ð½Ñ†Ð¸ÐºÐ»Ð¾Ð¿ÐµÐ´Ð¸Ñ�","creator":null,"developers":null,"translators":null,"contributors":null,"locales":["ru"]},{"name":"Wikipedia (pl)","description":"Wikipedia, wolna encyklopedia","creator":null,"developers":null,"translators":null,"contributors":null,"locales":["pl"]},{"name":"Ð’Ñ–ÐºÑ–Ð¿Ñ�Ð´Ñ‹Ñ� (be-tarask)","description":"Ð’Ñ–ÐºÑ–Ð¿Ñ�Ð´Ñ‹Ñ�, Ð²Ð¾Ð»ÑŒÐ½Ð°Ñ� Ñ�Ð½Ñ†Ñ‹ÐºÐ»Ñ�Ð¿Ñ�Ð´Ñ‹Ñ�","creator":null,"developers":null,"translators":null,"contributors":null,"locales":["be-tarask"]},{"name":"Wikipedia (sv)","description":"Wikipedia, den fria encyklopedin","creator":null,"developers":null,"translators":null,"contributors":null,"locales":["sv-SE"]},{"name":"àº§àº´àº�àº´àºžàºµà»€àº”àº� (lo)","description":"àº§àº´àº�àº´àºžàºµà»€àº”àº�, àºªàº²àº¥àº²àº™àº¸àº�àº»àº¡à»€àºªàº¥àºµ","creator":null,"developers":null,"translators":null,"contributors":null,"locales":["lo"]},{"name":"Wikipedija (sl)","description":"Wikipedija, prosta enciklopedija","creator":null,"developers":null,"translators":null,"contributors":null,"locales":["sl"]},{"name":"VikipÄ“dija","description":"VikipÄ“dija, brÄ«vÄ� enciklopÄ“dija","creator":null,"developers":null,"translators":null,"contributors":null,"locales":["lv"]},{"name":"Biquipedia (an)","description":"A enciclopedia Libre","creator":null,"developers":null,"translators":null,"contributors":null,"locales":["an"]}],"targetApplications":[{"id":"toolkit@mozilla.org","minVersion":null,"maxVersion":null}],"targetPlatforms":[],"seen":true,"dependencies":[],"incognito":"spanning","userPermissions":{"permissions":[],"origins":[]},"icons":{"16":"favicon.ico"},"iconURL":null,"blocklistState":0,"blocklistURL":null,"startupData":null,"hidden":true,"installTelemetryInfo":null,"recommendationState":null,"rootURI":"resource://search-extensions/wikipedia/","location":"app-builtin"}
1577088211618	addons.xpi	DEBUG	Loading bootstrap scope from resource://search-extensions/wikipedia/
1577088211618	addons.xpi	DEBUG	Calling bootstrap method install on wikipedia@search.mozilla.org version 1.0
1577088211618	addons.xpi	DEBUG	Calling bootstrap method startup on wikipedia@search.mozilla.org version 1.0
1577088229297	addons.productaddons	INFO	sending request to: https://aus5.mozilla.org/update/3/GMP/71.0/20191202093317/WINNT_x86_64-msvc-x64/en-US/release/Windows_NT%2010.0.0.0.18363.535%20(x64)/default/default/update.xml
1577088229329	addons.productaddons	INFO	Completed downloading document
1577088230439	addons.productaddons	INFO	downloadXHR File download. status=200
1577088230446	addons.productaddons	INFO	Downloaded file will be saved to C:\Windows\TEMP\tmpaddon-e89a6
1577088231181	addons.productaddons	INFO	downloadXHR File download. status=200
1577088231183	addons.productaddons	INFO	Downloaded file will be saved to C:\Windows\TEMP\tmpaddon-3082d5

	at org.openqa.selenium.firefox.internal.NewProfileExtensionConnection.start(NewProfileExtensionConnection.java:113)
	... 34 more
]]>
            </full-stacktrace>
          </exception> <!-- org.openqa.selenium.WebDriverException -->
          <reporter-output>
          </reporter-output>
        </test-method> <!-- beforeClass -->
        <test-method signature="openMyBlog()[pri:0, instance:test.NewTest@2a40cd94]" started-at="2019-12-23T13:34:14Z" name="openMyBlog" finished-at="2019-12-23T13:34:14Z" duration-ms="1" status="SKIP">
          <reporter-output>
          </reporter-output>
        </test-method> <!-- openMyBlog -->
        <test-method is-config="true" signature="afterClass()[pri:0, instance:test.NewTest@2a40cd94]" started-at="2019-12-23T13:34:14Z" name="afterClass" finished-at="2019-12-23T13:34:14Z" duration-ms="0" status="SKIP">
          <reporter-output>
          </reporter-output>
        </test-method> <!-- afterClass -->
      </class> <!-- test.NewTest -->
    </test> <!-- Test -->
  </suite> <!-- Suite -->
</testng-results>
